<?xml version="1.0" encoding="UTF-8"?>
<!-- Generated by org.testng.reporters.JUnitReportReporter -->
<testsuite hostname="HP-Laptop" failures="0" tests="8" name="com.tutorialsninja.qa.testcases.Login" time="73.482" errors="0" timestamp="2023-09-24T08:13:30 EDT" skipped="0">
  <testcase classname="com.tutorialsninja.qa.testcases.Login" name="varifyLoginWithValidCredential" time="9.360"/>
  <testcase classname="com.tutorialsninja.qa.testcases.Login" name="varifyLoginWithValidCredential" time="9.346"/>
  <testcase classname="com.tutorialsninja.qa.testcases.Login" name="varifyLoginWithValidCredential" time="9.494"/>
  <testcase classname="com.tutorialsninja.qa.testcases.Login" name="varifyLoginWithValidCredential" time="9.209"/>
  <testcase classname="com.tutorialsninja.qa.testcases.Login" name="varifyLoginWithInvalidCredential" time="8.983"/>
  <testcase classname="com.tutorialsninja.qa.testcases.Login" name="varifyLoginWithInvalidEmailAndValidPassword" time="9.060"/>
  <testcase classname="com.tutorialsninja.qa.testcases.Login" name="varifyLoginWithValidEmailAndInvalidPassword" time="9.037"/>
  <testcase classname="com.tutorialsninja.qa.testcases.Login" name="varifyLoginWithoutProvidingCredentials" time="8.993"/>
</testsuite> <!-- com.tutorialsninja.qa.testcases.Login -->
