<?xml version="1.0" encoding="UTF-8"?>
<!-- Generated by org.testng.reporters.JUnitReportReporter -->
<testsuite hostname="HP-Laptop" failures="0" tests="4" name="com.tutorialsninja.qa.testcases.Register" time="44.295" errors="0" timestamp="2023-09-24T08:13:30 EDT" skipped="0">
  <testcase classname="com.tutorialsninja.qa.testcases.Register" name="VerifyRegisteringAnAccountByProvidingOnlyMandatoryFields" time="10.655"/>
  <testcase classname="com.tutorialsninja.qa.testcases.Register" name="verifyRegisteringAnAccountByProvidingAllTheFields" time="14.008"/>
  <testcase classname="com.tutorialsninja.qa.testcases.Register" name="varifyRegisteringAnAccountWithAllMissingField" time="9.301"/>
  <testcase classname="com.tutorialsninja.qa.testcases.Register" name="varifyRegisteringWithExistingEmail" time="10.331"/>
</testsuite> <!-- com.tutorialsninja.qa.testcases.Register -->
