<?xml version="1.0" encoding="UTF-8"?>
<!-- Generated by org.testng.reporters.JUnitReportReporter -->
<testsuite hostname="HP-Laptop" failures="0" tests="4" name="com.tutorialsninja.qa.testcases.Register" time="46.281" errors="0" timestamp="2023-09-24T04:34:27 EDT" skipped="0">
  <testcase classname="com.tutorialsninja.qa.testcases.Register" name="VerifyRegisteringAnAccountByProvidingOnlyMandatoryFields" time="14.805"/>
  <testcase classname="com.tutorialsninja.qa.testcases.Register" name="verifyRegisteringAnAccountByProvidingAllTheFields" time="11.098"/>
  <testcase classname="com.tutorialsninja.qa.testcases.Register" name="varifyRegisteringAnAccountWithAllMissingField" time="9.817"/>
  <testcase classname="com.tutorialsninja.qa.testcases.Register" name="varifyRegisteringWithExistingEmail" time="10.561"/>
</testsuite> <!-- com.tutorialsninja.qa.testcases.Register -->
