<?xml version="1.0" encoding="UTF-8"?>
<!-- Generated by org.testng.reporters.JUnitReportReporter -->
<testsuite hostname="HP-Laptop" failures="0" tests="8" name="com.tutorialsninja.qa.testcases.Login" time="75.335" errors="0" timestamp="2023-09-24T04:34:27 EDT" skipped="0">
  <testcase classname="com.tutorialsninja.qa.testcases.Login" name="varifyLoginWithValidCredential" time="9.849"/>
  <testcase classname="com.tutorialsninja.qa.testcases.Login" name="varifyLoginWithValidCredential" time="9.513"/>
  <testcase classname="com.tutorialsninja.qa.testcases.Login" name="varifyLoginWithValidCredential" time="9.631"/>
  <testcase classname="com.tutorialsninja.qa.testcases.Login" name="varifyLoginWithValidCredential" time="9.522"/>
  <testcase classname="com.tutorialsninja.qa.testcases.Login" name="varifyLoginWithInvalidCredential" time="9.147"/>
  <testcase classname="com.tutorialsninja.qa.testcases.Login" name="varifyLoginWithInvalidEmailAndValidPassword" time="9.449"/>
  <testcase classname="com.tutorialsninja.qa.testcases.Login" name="varifyLoginWithValidEmailAndInvalidPassword" time="9.326"/>
  <testcase classname="com.tutorialsninja.qa.testcases.Login" name="varifyLoginWithoutProvidingCredentials" time="8.898"/>
</testsuite> <!-- com.tutorialsninja.qa.testcases.Login -->
